#
# A fatal error has been detected by the Java Runtime Environment:
#
#  Internal Error (javaClasses.cpp:136), pid=3648, tid=1700
#  fatal error: Invalid layout of preloaded class
#
# JRE version:  (7.0_45-b18) (build )
# Java VM: Java HotSpot(TM) 64-Bit Server VM (24.45-b08 mixed mode windows-amd64 compressed oops)
# Failed to write core dump. Minidumps are not enabled by default on client versions of Windows
#
# If you would like to submit a bug report, please visit:
#   http://bugreport.sun.com/bugreport/crash.jsp
#

---------------  T H R E A D  ---------------

Current thread (0x0000000002b6e800):  JavaThread "Unknown thread" [_thread_in_vm, id=1700, stack(0x0000000002990000,0x0000000002a90000)]

Stack: [0x0000000002990000,0x0000000002a90000]

---------------  P R O C E S S  ---------------

Java Threads: ( => current thread )

Other Threads:

=>0x0000000002b6e800 (exited) JavaThread "Unknown thread" [_thread_in_vm, id=1700, stack(0x0000000002990000,0x0000000002a90000)]

VM state:not at safepoint (not fully initialized)

VM Mutex/Monitor currently owned by a thread: None

GC Heap History (0 events):
No events

Deoptimization events (0 events):
No events

Internal exceptions (0 events):
No events

Events (10 events):
Event: 0.017 loading class 0x0000000002bb02c0 done
Event: 0.018 loading class 0x0000000002bafce0 done
Event: 0.018 loading class 0x0000000002bafcc0
Event: 0.018 loading class 0x0000000002bb7dc0
Event: 0.018 loading class 0x0000000002bb7dc0 done
Event: 0.018 loading class 0x0000000002bb7df0
Event: 0.018 loading class 0x0000000002bb7df0 done
Event: 0.018 loading class 0x0000000002bb7e20
Event: 0.018 loading class 0x0000000002bb7e20 done
Event: 0.018 loading class 0x0000000002bafcc0 done


Dynamic libraries:
0x000007f6ef6f0000 - 0x000007f6ef723000 	C:\Program Files\Java\jre7\bin\javaw.exe
0x000007fb64950000 - 0x000007fb64b10000 	C:\WINDOWS\SYSTEM32\ntdll.dll
0x000007fb62120000 - 0x000007fb62256000 	C:\WINDOWS\system32\KERNEL32.DLL
0x000007fb61a10000 - 0x000007fb61b03000 	C:\WINDOWS\system32\KERNELBASE.dll
0x000007fb64770000 - 0x000007fb6484e000 	C:\WINDOWS\system32\ADVAPI32.dll
0x000007fb62260000 - 0x000007fb623ac000 	C:\WINDOWS\system32\USER32.dll
0x000007fb5faf0000 - 0x000007fb5fd5a000 	C:\WINDOWS\WinSxS\amd64_microsoft.windows.common-controls_6595b64144ccf1df_6.0.9200.16579_none_418ab7ef718b27ef\COMCTL32.dll
0x000007fb62ef0000 - 0x000007fb62f95000 	C:\WINDOWS\system32\msvcrt.dll
0x000007fb62fb0000 - 0x000007fb62ff8000 	C:\WINDOWS\SYSTEM32\sechost.dll
0x000007fb61d90000 - 0x000007fb61ed5000 	C:\WINDOWS\system32\RPCRT4.dll
0x000007fb62cf0000 - 0x000007fb62e31000 	C:\WINDOWS\system32\GDI32.dll
0x000007fb61d40000 - 0x000007fb61d79000 	C:\WINDOWS\system32\IMM32.DLL
0x000007fb632a0000 - 0x000007fb633b6000 	C:\WINDOWS\system32\MSCTF.dll
0x0000000074d60000 - 0x0000000074e32000 	C:\Program Files\Java\jre7\bin\msvcr100.dll
0x0000000074590000 - 0x0000000074d59000 	C:\Program Files\Java\jre7\bin\server\jvm.dll
0x000007fb58e40000 - 0x000007fb58e49000 	C:\WINDOWS\SYSTEM32\WSOCK32.dll
0x000007fb5d810000 - 0x000007fb5d830000 	C:\WINDOWS\SYSTEM32\WINMM.dll
0x000007fb63000000 - 0x000007fb63007000 	C:\WINDOWS\system32\PSAPI.DLL
0x000007fb63010000 - 0x000007fb63068000 	C:\WINDOWS\system32\WS2_32.dll
0x000007fb5d790000 - 0x000007fb5d7c3000 	C:\WINDOWS\SYSTEM32\WINMMBASE.dll
0x000007fb62fa0000 - 0x000007fb62fa9000 	C:\WINDOWS\system32\NSI.dll
0x000007fb61cf0000 - 0x000007fb61d3f000 	C:\WINDOWS\SYSTEM32\cfgmgr32.dll
0x000007fb619e0000 - 0x000007fb61a02000 	C:\WINDOWS\system32\DEVOBJ.dll
0x0000000074580000 - 0x000000007458f000 	C:\Program Files\Java\jre7\bin\verify.dll
0x0000000074550000 - 0x0000000074578000 	C:\Program Files\Java\jre7\bin\java.dll
0x0000000074530000 - 0x0000000074545000 	C:\Program Files\Java\jre7\bin\zip.dll

VM Arguments:
jvm_args: -Dfile.encoding=Cp1252 -Xbootclasspath:C:\Users\Aumala\Development\adt-bundle-windows-x86_64-20130917\sdk\platforms\android-18\android.jar 
java_command: com.example.practica1.ImageAdapter
Launcher Type: SUN_STANDARD

Environment Variables:
PATH=C:\Program Files\Common Files\Microsoft Shared\Microsoft Online Services;C:\Program Files (x86)\Common Files\Microsoft Shared\Microsoft Online Services;C:\WINDOWS\system32;C:\WINDOWS;C:\WINDOWS\System32\Wbem;C:\WINDOWS\System32\WindowsPowerShell\v1.0\;C:\Program Files (x86)\Windows Live\Shared;c:\altera\81\quartus\bin;C:\Program Files (x86)\Common Files\Adobe\AGL;C:\Program Files (x86)\MiKTeX 2.9\miktex\bin\
USERNAME=Aumala
OS=Windows_NT
PROCESSOR_IDENTIFIER=Intel64 Family 6 Model 23 Stepping 10, GenuineIntel



---------------  S Y S T E M  ---------------

OS: Windows 8 , 64 bit Build 9200 

CPU:total 2 (2 cores per cpu, 1 threads per core) family 6 model 23 stepping 10, cmov, cx8, fxsr, mmx, sse, sse2, sse3, ssse3, sse4.1, tsc

Memory: 4k page, physical 4155200k(1531828k free), swap 5072704k(1786804k free)

vm_info: Java HotSpot(TM) 64-Bit Server VM (24.45-b08) for windows-amd64 JRE (1.7.0_45-b18), built on Oct  8 2013 05:47:22 by "java_re" with unknown MS VC++:1600

time: Fri Nov 08 20:20:10 2013
elapsed time: 0 seconds

